Beamlink Wireless
Outdoors Temperature Test

Sat Jun  9 12:36:19 UTC 2018,60000,55000,63000,62000,51000
Sat Jun  9 12:37:19 UTC 2018,65000,61000,75000,70000,55000
Sat Jun  9 12:38:19 UTC 2018,66000,62000,76000,70000,55000
Sat Jun  9 12:39:19 UTC 2018,61000,56000,64000,63000,52000
Sat Jun  9 12:40:19 UTC 2018,61000,56000,64000,63000,52000
Sat Jun  9 12:41:19 UTC 2018,59000,54000,60000,57000,51000
Sat Jun  9 18:45:18 UTC 2018,57000,55000,61000,58000,51000
Sat Jun  9 18:46:18 UTC 2018,56000,54000,60000,57000,51000
Sat Jun  9 18:47:18 UTC 2018,56000,54000,61000,57000,51000
Sat Jun  9 18:48:18 UTC 2018,55000,53000,58000,56000,50000
Sat Jun  9 18:49:18 UTC 2018,56000,54000,60000,57000,51000
Sat Jun  9 18:50:18 UTC 2018,56000,55000,60000,58000,51000
Sat Jun  9 18:51:18 UTC 2018,56000,53000,60000,57000,51000
Sat Jun  9 18:52:18 UTC 2018,55000,55000,61000,59000,50000
Sat Jun  9 18:53:18 UTC 2018,55000,54000,60000,57000,51000
Sat Jun  9 18:54:18 UTC 2018,55000,53000,59000,57000,51000
Sat Jun  9 18:55:18 UTC 2018,56000,54000,61000,58000,51000
Sat Jun  9 18:56:18 UTC 2018,55000,54000,60000,57000,51000
Sat Jun  9 18:57:18 UTC 2018,55000,54000,61000,58000,51000
Sat Jun  9 18:58:18 UTC 2018,56000,54000,61000,59000,51000
Sat Jun  9 18:59:18 UTC 2018,55000,54000,60000,57000,50000
Sat Jun  9 19:00:18 UTC 2018,56000,55000,60000,58000,52000
Sat Jun  9 19:01:18 UTC 2018,56000,54000,61000,57000,51000
Sat Jun  9 19:02:18 UTC 2018,59000,56000,63000,61000,52000
Sat Jun  9 19:03:18 UTC 2018,55000,54000,60000,57000,51000
Sat Jun  9 19:04:18 UTC 2018,57000,56000,63000,61000,51000
Sat Jun  9 19:05:18 UTC 2018,55000,54000,60000,57000,51000
Sat Jun  9 19:06:18 UTC 2018,55000,54000,59000,57000,51000
Sat Jun  9 19:07:18 UTC 2018,56000,54000,60000,58000,51000
Sat Jun  9 19:08:18 UTC 2018,61000,64000,67000,64000,54000
Thu Feb 11 16:29:53 UTC 2016,57000,56000,61000,58000,52000
Thu Feb 11 16:30:53 UTC 2016,56000,54000,59000,57000,51000
Sat Jun  9 19:22:49 UTC 2018,54000,54000,60000,55000,51000
Sat Jun  9 19:23:49 UTC 2018,56000,54000,59000,57000,52000
Sat Jun  9 19:24:49 UTC 2018,58000,54000,61000,58000,52000
Sat Jun  9 19:25:49 UTC 2018,56000,54000,60000,57000,52000
Sat Jun  9 19:26:49 UTC 2018,56000,55000,60000,58000,52000
Sat Jun  9 19:27:49 UTC 2018,56000,54000,61000,58000,52000
Sat Jun  9 19:28:49 UTC 2018,56000,54000,60000,57000,51000
Sat Jun  9 19:29:49 UTC 2018,56000,55000,60000,58000,52000
Sat Jun  9 19:30:49 UTC 2018,57000,54000,60000,57000,52000
Sat Jun  9 19:31:49 UTC 2018,57000,55000,60000,58000,52000
Sat Jun  9 19:32:49 UTC 2018,57000,56000,61000,59000,53000
Sat Jun  9 19:33:49 UTC 2018,58000,56000,62000,60000,53000
Sat Jun  9 19:34:49 UTC 2018,59000,56000,64000,60000,54000
Sat Jun  9 19:35:49 UTC 2018,60000,58000,63000,61000,55000
Sat Jun  9 19:36:49 UTC 2018,61000,58000,65000,62000,56000
Sat Jun  9 19:37:49 UTC 2018,61000,59000,66000,63000,56000
Sat Jun  9 19:38:49 UTC 2018,62000,60000,66000,64000,56000
Sat Jun  9 19:39:49 UTC 2018,61000,60000,66000,63000,57000
Sat Jun  9 19:40:49 UTC 2018,63000,61000,67000,64000,58000
Sat Jun  9 19:41:49 UTC 2018,63000,60000,68000,64000,58000
Sat Jun  9 19:42:49 UTC 2018,63000,61000,68000,65000,58000
Sat Jun  9 19:43:49 UTC 2018,64000,61000,68000,65000,59000
Sat Jun  9 19:44:49 UTC 2018,64000,62000,68000,66000,59000
Sat Jun  9 19:45:49 UTC 2018,65000,63000,69000,66000,60000
Sat Jun  9 19:46:49 UTC 2018,65000,63000,69000,67000,60000
Sat Jun  9 19:47:49 UTC 2018,66000,64000,71000,68000,61000
Sat Jun  9 19:48:49 UTC 2018,66000,63000,70000,67000,61000
Sat Jun  9 19:49:49 UTC 2018,66000,64000,70000,67000,61000
Sat Jun  9 19:50:50 UTC 2018,66000,64000,71000,68000,61000
Sat Jun  9 19:51:50 UTC 2018,70000,69000,75000,72000,64000
Sat Jun  9 19:52:50 UTC 2018,72000,69000,78000,74000,65000
Sat Jun  9 19:53:50 UTC 2018,72000,70000,76000,74000,65000
Sat Jun  9 19:54:50 UTC 2018,74000,73000,80000,77000,67000
Sat Jun  9 19:55:50 UTC 2018,74000,72000,80000,77000,67000
Sat Jun  9 19:56:50 UTC 2018,74000,72000,78000,75000,66000
Sat Jun  9 19:57:50 UTC 2018,76000,74000,80000,79000,68000
Sat Jun  9 19:58:50 UTC 2018,74000,71000,79000,76000,67000
Sat Jun  9 19:59:50 UTC 2018,74000,71000,80000,77000,67000
Sat Jun  9 20:00:50 UTC 2018,76000,74000,82000,78000,68000
Sat Jun  9 20:01:50 UTC 2018,71000,69000,75000,72000,65000
Sat Jun  9 20:02:50 UTC 2018,75000,73000,80000,78000,68000
Sat Jun  9 20:03:50 UTC 2018,74000,72000,79000,76000,67000
Sat Jun  9 20:04:50 UTC 2018,75000,73000,80000,78000,68000
Sat Jun  9 20:05:50 UTC 2018,75000,74000,81000,78000,68000
Sat Jun  9 20:06:50 UTC 2018,76000,74000,81000,79000,69000
Sat Jun  9 20:07:50 UTC 2018,78000,77000,82000,80000,70000
Sat Jun  9 20:08:50 UTC 2018,80000,77000,84000,82000,71000
Sat Jun  9 20:09:50 UTC 2018,79000,76000,83000,81000,71000
Sat Jun  9 20:10:50 UTC 2018,80000,79000,84000,83000,72000
Sat Jun  9 20:11:50 UTC 2018,74000,71000,78000,75000,68000
Sat Jun  9 20:12:50 UTC 2018,73000,71000,78000,75000,68000
Sat Jun  9 20:13:50 UTC 2018,74000,71000,79000,75000,68000
Sat Jun  9 20:14:50 UTC 2018,74000,72000,78000,75000,69000
Sat Jun  9 20:15:50 UTC 2018,75000,72000,78000,76000,69000
Sat Jun  9 20:16:50 UTC 2018,75000,73000,78000,76000,69000
Sat Jun  9 20:17:50 UTC 2018,75000,72000,80000,77000,70000
Sat Jun  9 20:18:50 UTC 2018,76000,73000,80000,77000,70000
Sat Jun  9 20:19:50 UTC 2018,76000,73000,81000,77000,70000
Sat Jun  9 20:20:50 UTC 2018,76000,73000,80000,77000,70000
Sat Jun  9 20:21:50 UTC 2018,76000,74000,80000,78000,71000
Sat Jun  9 20:22:51 UTC 2018,76000,74000,80000,78000,70000
Sat Jun  9 20:23:51 UTC 2018,80000,77000,84000,82000,73000
Sat Jun  9 20:24:51 UTC 2018,79000,77000,85000,81000,73000
Sat Jun  9 20:25:51 UTC 2018,80000,80000,85000,83000,74000
Sat Jun  9 20:26:51 UTC 2018,79000,77000,84000,81000,73000
Sat Jun  9 20:27:51 UTC 2018,79000,77000,84000,81000,73000
Sat Jun  9 20:28:51 UTC 2018,80000,78000,85000,82000,74000
Sat Jun  9 20:29:51 UTC 2018,80000,77000,85000,82000,73000
Sat Jun  9 20:30:51 UTC 2018,80000,78000,84000,82000,74000
Sat Jun  9 20:31:51 UTC 2018,81000,79000,86000,83000,74000
Sat Jun  9 20:32:51 UTC 2018,79000,78000,85000,81000,74000
Sat Jun  9 20:33:51 UTC 2018,80000,78000,85000,82000,74000
Sat Jun  9 20:34:51 UTC 2018,81000,79000,85000,83000,74000
Sat Jun  9 20:35:51 UTC 2018,80000,79000,85000,82000,74000
Sat Jun  9 20:36:51 UTC 2018,80000,78000,84000,81000,74000
Sat Jun  9 20:37:51 UTC 2018,79000,78000,84000,81000,74000
Sat Jun  9 20:38:51 UTC 2018,79000,78000,84000,81000,73000
Sat Jun  9 20:39:51 UTC 2018,80000,78000,84000,81000,73000
Sat Jun  9 20:40:51 UTC 2018,80000,78000,85000,82000,74000
Sat Jun  9 20:41:51 UTC 2018,81000,78000,86000,83000,74000
Sat Jun  9 20:42:51 UTC 2018,80000,78000,84000,81000,74000
Sat Jun  9 20:43:51 UTC 2018,80000,78000,84000,82000,74000
Sat Jun  9 20:44:51 UTC 2018,81000,79000,85000,83000,74000
Sat Jun  9 20:45:51 UTC 2018,80000,79000,84000,81000,74000
Sat Jun  9 20:46:51 UTC 2018,80000,77000,84000,81000,74000
Sat Jun  9 20:47:51 UTC 2018,80000,78000,84000,81000,74000
Sat Jun  9 20:48:51 UTC 2018,80000,78000,85000,82000,74000
Sat Jun  9 20:49:51 UTC 2018,80000,78000,85000,82000,74000
Sat Jun  9 20:50:51 UTC 2018,80000,79000,85000,82000,74000
Sat Jun  9 20:51:51 UTC 2018,80000,80000,85000,82000,75000
Sat Jun  9 20:52:52 UTC 2018,80000,79000,85000,82000,75000
Sat Jun  9 20:53:52 UTC 2018,81000,79000,85000,82000,75000
Sat Jun  9 20:54:52 UTC 2018,80000,79000,85000,82000,75000
Sat Jun  9 20:55:52 UTC 2018,80000,79000,84000,81000,75000
Sat Jun  9 20:56:52 UTC 2018,80000,79000,85000,82000,75000
Sat Jun  9 20:57:52 UTC 2018,81000,80000,86000,83000,75000
Sat Jun  9 20:58:52 UTC 2018,80000,77000,85000,82000,74000
Sat Jun  9 20:59:52 UTC 2018,80000,79000,86000,82000,75000
Sat Jun  9 21:00:52 UTC 2018,80000,78000,85000,82000,75000
Sat Jun  9 21:01:52 UTC 2018,80000,78000,85000,81000,74000
Sat Jun  9 21:02:52 UTC 2018,79000,76000,84000,81000,72000
Sat Jun  9 21:03:52 UTC 2018,72000,71000,77000,74000,65000
Sat Jun  9 21:04:52 UTC 2018,78000,75000,83000,79000,70000
